<?xml version="1.0" encoding="UTF-8"?>
<!-- Generated by org.testng.reporters.JUnitReportReporter -->
<testsuite hostname="DESKTOP-SS3KRG5" failures="0" tests="3" name="com.testng.raj.TVpurchase" time="1.273" errors="0" timestamp="2022-01-24T13:58:26 IST" skipped="0">
  <testcase classname="com.testng.raj.TVpurchase" name="loginHandling" time="0.163"/>
  <system-out/>
  <testcase classname="com.testng.raj.TVpurchase" name="tvSearch" time="1.055"/>
  <system-out/>
  <testcase classname="com.testng.raj.TVpurchase" name="handlingWindows" time="0.055"/>
  <system-out/>
</testsuite> <!-- com.testng.raj.TVpurchase -->
